<?xml version="1.0" encoding="UTF-8"?>
<!-- Generated by org.testng.reporters.JUnitReportReporter -->
<testsuite hostname="ArchisPC" failures="0" tests="1" name="com.example.selenium.LoginTest" time="0.143" errors="0" timestamp="2025-04-16T23:48:22 IST" skipped="0">
  <testcase classname="com.example.selenium.LoginTest" name="testLoginPage" time="0.143"/>
  <system-out/>
</testsuite> <!-- com.example.selenium.LoginTest -->
