<?xml version="1.0" encoding="UTF-8"?>
<!-- Generated by org.testng.reporters.JUnitReportReporter -->
<testsuite hostname="ArchisPC" failures="0" tests="1" name="com.example.selenium.AppTest" time="0.002" errors="0" timestamp="2025-04-16T23:48:22 IST" skipped="0">
  <testcase classname="com.example.selenium.AppTest" name="testApp" time="0.002"/>
  <system-out/>
</testsuite> <!-- com.example.selenium.AppTest -->
